<?xml version="1.0" encoding="UTF-8"?>
<Site BuildName="Linux-g++-12"
	BuildStamp="20230724-1550-Experimental"
	Name="GSKR"
	Generator="ctest-3.22.1"
	CompilerName="/usr/bin/g++-12"
	CompilerVersion="12.1.0"
	OSName="Linux"
	Hostname="GSKR"
	OSRelease="5.10.16.3-microsoft-standard-WSL2"
	OSVersion="#1 SMP Fri Apr 2 22:23:49 UTC 2021"
	OSPlatform="x86_64"
	Is64Bits="1"
	VendorString="GenuineIntel"
	VendorID="Intel Corporation"
	FamilyID="6"
	ModelID="126"
	ProcessorCacheSize="4096"
	NumberOfLogicalCPU="4"
	NumberOfPhysicalCPU="2"
	TotalVirtualMemory="2048"
	TotalPhysicalMemory="5837"
	LogicalProcessorsPerPhysical="2"
	ProcessorClockFrequency="1190.4"
	>
	<Testing>
		<StartDateTime>Jul 24 23:04 IST</StartDateTime>
		<StartTestTime>1690220099</StartTestTime>
		<TestList/>
		<EndDateTime>Jul 24 23:04 IST</EndDateTime>
		<EndTestTime>1690220099</EndTestTime>
		<ElapsedMinutes>0</ElapsedMinutes>
	</Testing>
</Site>
